Arguments: 
  /Users/loua/.nvm/versions/node/v8.9.4/bin/node /Users/loua/.nvm/versions/node/v8.9.4/bin/yarn add react-router-dom -D

PATH: 
  /Users/loua/.nvm/versions/node/v8.9.4/bin:/usr/local/bin:/usr/bin:/bin:/usr/sbin:/sbin:/usr/local/go/bin

Yarn version: 
  1.3.2

Node version: 
  8.9.4

Platform: 
  darwin x64

npm manifest: 
  {
    "name": "ruex",
    "version": "1.0.2",
    "description": "ruex React component",
    "main": "lib/index.js",
    "module": "es/index.js",
    "files": [
      "css",
      "es",
      "lib",
      "umd"
    ],
    "scripts": {
      "build": "nwb build-react-component",
      "clean": "nwb clean-module && nwb clean-demo",
      "start": "nwb serve-react-demo",
      "test": "nwb test-react",
      "test:coverage": "nwb test-react --coverage",
      "test:watch": "nwb test-react --server"
    },
    "dependencies": {
        "prop-types": "^15.6.1",
        "immer": "^1.2.1"
    },
    "peerDependencies": {
      "react": "16.x"
    },
    "devDependencies": {
      "nwb": "0.21.x",
      "react": "^16.2.0",
      "react-dom": "^16.2.0"
    },
    "author": "mcdyzg",
    "homepage": "",
    "license": "MIT",
    "repository": "https://github.com/mcdyzg/ruex",
    "keywords": [
      "react-component"
    ]
  }

yarn manifest: 
  No manifest

Lockfile: 
  No lockfile

Trace: 
  Error: ENOENT: no such file or directory, copyfile '/Users/loua/Library/Caches/Yarn/v1/npm-has-flag-3.0.0-b5d454dc2199ae225699f3467e5a07f3b955bafd/readme.md' -> '/Users/loua/haha/x/reactchaijian/ruex/node_modules/autoprefixer/node_modules/has-flag/readme.md'
